<?xml version="1.0" encoding="UTF-8"?>
<testsuite name="org.apache.hadoop.fs.viewfs.TestViewFileSystemLocalFileSystem" time="8.122" tests="52" errors="0" skipped="0" failures="0">
  <properties>
    <property name="java.runtime.name" value="Java(TM) SE Runtime Environment"/>
    <property name="sun.boot.library.path" value="/Library/Java/JavaVirtualMachines/jdk1.7.0_75.jdk/Contents/Home/jre/lib"/>
    <property name="java.vm.version" value="24.75-b04"/>
    <property name="user.country.format" value="NO"/>
    <property name="gopherProxySet" value="false"/>
    <property name="java.vm.vendor" value="Oracle Corporation"/>
    <property name="java.vendor.url" value="http://java.oracle.com/"/>
    <property name="path.separator" value=":"/>
    <property name="guice.disable.misplaced.annotation.check" value="true"/>
    <property name="java.vm.name" value="Java HotSpot(TM) 64-Bit Server VM"/>
    <property name="file.encoding.pkg" value="sun.io"/>
    <property name="user.country" value="US"/>
    <property name="sun.java.launcher" value="SUN_STANDARD"/>
    <property name="sun.os.patch.level" value="unknown"/>
    <property name="java.vm.specification.name" value="Java Virtual Machine Specification"/>
    <property name="user.dir" value="/Users/bikash/repos/bigdata/PDHC/lib/hadoop-2.6.0-src"/>
    <property name="java.runtime.version" value="1.7.0_75-b13"/>
    <property name="java.awt.graphicsenv" value="sun.awt.CGraphicsEnvironment"/>
    <property name="java.endorsed.dirs" value="/Library/Java/JavaVirtualMachines/jdk1.7.0_75.jdk/Contents/Home/jre/lib/endorsed"/>
    <property name="os.arch" value="x86_64"/>
    <property name="java.io.tmpdir" value="/var/folders/j3/bdpymcq1045gxk1mdtp_myvw0000gn/T/"/>
    <property name="line.separator" value="&#10;"/>
    <property name="java.vm.specification.vendor" value="Oracle Corporation"/>
    <property name="os.name" value="Mac OS X"/>
    <property name="classworlds.conf" value="/usr/local/Cellar/maven/3.2.5/libexec/bin/m2.conf"/>
    <property name="sun.jnu.encoding" value="UTF-8"/>
    <property name="java.library.path" value="/Users/bikash/Library/Java/Extensions:/Library/Java/Extensions:/Network/Library/Java/Extensions:/System/Library/Java/Extensions:/usr/lib/java:."/>
    <property name="java.specification.name" value="Java Platform API Specification"/>
    <property name="java.class.version" value="51.0"/>
    <property name="sun.management.compiler" value="HotSpot 64-Bit Tiered Compilers"/>
    <property name="os.version" value="10.9.5"/>
    <property name="http.nonProxyHosts" value="127.0.0.1"/>
    <property name="user.home" value="/Users/bikash"/>
    <property name="user.timezone" value="America/New_York"/>
    <property name="java.awt.printerjob" value="sun.lwawt.macosx.CPrinterJob"/>
    <property name="java.specification.version" value="1.7"/>
    <property name="file.encoding" value="UTF-8"/>
    <property name="user.name" value="bikash"/>
    <property name="java.class.path" value="/usr/local/Cellar/maven/3.2.5/libexec/boot/plexus-classworlds-2.5.2.jar"/>
    <property name="java.vm.specification.version" value="1.7"/>
    <property name="sun.arch.data.model" value="64"/>
    <property name="java.home" value="/Library/Java/JavaVirtualMachines/jdk1.7.0_75.jdk/Contents/Home/jre"/>
    <property name="sun.java.command" value="org.codehaus.plexus.classworlds.launcher.Launcher package"/>
    <property name="java.specification.vendor" value="Oracle Corporation"/>
    <property name="user.language" value="en"/>
    <property name="awt.toolkit" value="sun.lwawt.macosx.LWCToolkit"/>
    <property name="java.vm.info" value="mixed mode"/>
    <property name="java.version" value="1.7.0_75"/>
    <property name="java.ext.dirs" value="/Users/bikash/Library/Java/Extensions:/Library/Java/JavaVirtualMachines/jdk1.7.0_75.jdk/Contents/Home/jre/lib/ext:/Library/Java/Extensions:/Network/Library/Java/Extensions:/System/Library/Java/Extensions:/usr/lib/java"/>
    <property name="sun.boot.class.path" value="/Library/Java/JavaVirtualMachines/jdk1.7.0_75.jdk/Contents/Home/jre/lib/resources.jar:/Library/Java/JavaVirtualMachines/jdk1.7.0_75.jdk/Contents/Home/jre/lib/rt.jar:/Library/Java/JavaVirtualMachines/jdk1.7.0_75.jdk/Contents/Home/jre/lib/sunrsasign.jar:/Library/Java/JavaVirtualMachines/jdk1.7.0_75.jdk/Contents/Home/jre/lib/jsse.jar:/Library/Java/JavaVirtualMachines/jdk1.7.0_75.jdk/Contents/Home/jre/lib/jce.jar:/Library/Java/JavaVirtualMachines/jdk1.7.0_75.jdk/Contents/Home/jre/lib/charsets.jar:/Library/Java/JavaVirtualMachines/jdk1.7.0_75.jdk/Contents/Home/jre/lib/jfr.jar:/Library/Java/JavaVirtualMachines/jdk1.7.0_75.jdk/Contents/Home/jre/classes"/>
    <property name="java.vendor" value="Oracle Corporation"/>
    <property name="maven.home" value="/usr/local/Cellar/maven/3.2.5/libexec"/>
    <property name="file.separator" value="/"/>
    <property name="java.vendor.url.bug" value="http://bugreport.sun.com/bugreport/"/>
    <property name="sun.cpu.endian" value="little"/>
    <property name="sun.io.unicode.encoding" value="UnicodeBig"/>
    <property name="sun.font.fontmanager" value="sun.font.CFontManager"/>
    <property name="socksNonProxyHosts" value="127.0.0.1"/>
    <property name="ftp.nonProxyHosts" value="127.0.0.1"/>
    <property name="sun.cpu.isalist" value=""/>
  </properties>
  <testcase name="testInternalDeleteNonExisting2" classname="org.apache.hadoop.fs.viewfs.TestViewFileSystemLocalFileSystem" time="2.099"/>
  <testcase name="testResolvePathDanglingLink" classname="org.apache.hadoop.fs.viewfs.TestViewFileSystemLocalFileSystem" time="0.259"/>
  <testcase name="testBasicPaths" classname="org.apache.hadoop.fs.viewfs.TestViewFileSystemLocalFileSystem" time="0.257"/>
  <testcase name="testGetDelegationTokens" classname="org.apache.hadoop.fs.viewfs.TestViewFileSystemLocalFileSystem" time="0.24"/>
  <testcase name="testCreateNonRecursive" classname="org.apache.hadoop.fs.viewfs.TestViewFileSystemLocalFileSystem" time="0.21"/>
  <testcase name="testInternalRenameFromSlash" classname="org.apache.hadoop.fs.viewfs.TestViewFileSystemLocalFileSystem" time="0.289"/>
  <testcase name="testInternalModifyAclEntries" classname="org.apache.hadoop.fs.viewfs.TestViewFileSystemLocalFileSystem" time="0.232"/>
  <testcase name="testMkdirOfMountLink" classname="org.apache.hadoop.fs.viewfs.TestViewFileSystemLocalFileSystem" time="0.199"/>
  <testcase name="testGetBlockLocations" classname="org.apache.hadoop.fs.viewfs.TestViewFileSystemLocalFileSystem" time="0.145"/>
  <testcase name="testResolvePathMountPoints" classname="org.apache.hadoop.fs.viewfs.TestViewFileSystemLocalFileSystem" time="0.126"/>
  <testcase name="testInternalMkdirNew2" classname="org.apache.hadoop.fs.viewfs.TestViewFileSystemLocalFileSystem" time="0.087"/>
  <testcase name="testInternalDeleteExisting2" classname="org.apache.hadoop.fs.viewfs.TestViewFileSystemLocalFileSystem" time="0.093"/>
  <testcase name="testgetFSonDanglingLink" classname="org.apache.hadoop.fs.viewfs.TestViewFileSystemLocalFileSystem" time="0.13"/>
  <testcase name="testGetMountPoints" classname="org.apache.hadoop.fs.viewfs.TestViewFileSystemLocalFileSystem" time="0.078"/>
  <testcase name="testInternalSetAcl" classname="org.apache.hadoop.fs.viewfs.TestViewFileSystemLocalFileSystem" time="0.079"/>
  <testcase name="testRootReadableExecutable" classname="org.apache.hadoop.fs.viewfs.TestViewFileSystemLocalFileSystem" time="0.118"/>
  <testcase name="testInternalMkdirSlash" classname="org.apache.hadoop.fs.viewfs.TestViewFileSystemLocalFileSystem" time="0.083"/>
  <testcase name="testInternalRenameToSlash" classname="org.apache.hadoop.fs.viewfs.TestViewFileSystemLocalFileSystem" time="0.116"/>
  <testcase name="testInternalCreate1" classname="org.apache.hadoop.fs.viewfs.TestViewFileSystemLocalFileSystem" time="0.113"/>
  <testcase name="testInternalCreate2" classname="org.apache.hadoop.fs.viewfs.TestViewFileSystemLocalFileSystem" time="0.082"/>
  <testcase name="testInternalMkdirNew" classname="org.apache.hadoop.fs.viewfs.TestViewFileSystemLocalFileSystem" time="0.088"/>
  <testcase name="testInternalRename1" classname="org.apache.hadoop.fs.viewfs.TestViewFileSystemLocalFileSystem" time="0.11"/>
  <testcase name="testInternalRename2" classname="org.apache.hadoop.fs.viewfs.TestViewFileSystemLocalFileSystem" time="0.133"/>
  <testcase name="testInternalRename3" classname="org.apache.hadoop.fs.viewfs.TestViewFileSystemLocalFileSystem" time="0.071"/>
  <testcase name="testInternalRemoveAclEntries" classname="org.apache.hadoop.fs.viewfs.TestViewFileSystemLocalFileSystem" time="0.084"/>
  <testcase name="testRenameAcrossMounts1" classname="org.apache.hadoop.fs.viewfs.TestViewFileSystemLocalFileSystem" time="0.119"/>
  <testcase name="testRenameAcrossMounts2" classname="org.apache.hadoop.fs.viewfs.TestViewFileSystemLocalFileSystem" time="0.105"/>
  <testcase name="testListOnMountTargetDirs" classname="org.apache.hadoop.fs.viewfs.TestViewFileSystemLocalFileSystem" time="0.105"/>
  <testcase name="testInternalRemoveXAttr" classname="org.apache.hadoop.fs.viewfs.TestViewFileSystemLocalFileSystem" time="0.068"/>
  <testcase name="testInternalGetXAttrs" classname="org.apache.hadoop.fs.viewfs.TestViewFileSystemLocalFileSystem" time="0.22"/>
  <testcase name="testOperationsThroughMountLinks" classname="org.apache.hadoop.fs.viewfs.TestViewFileSystemLocalFileSystem" time="0.304"/>
  <testcase name="testInternalDeleteNonExisting" classname="org.apache.hadoop.fs.viewfs.TestViewFileSystemLocalFileSystem" time="0.059"/>
  <testcase name="testInternalDeleteExisting" classname="org.apache.hadoop.fs.viewfs.TestViewFileSystemLocalFileSystem" time="0.062"/>
  <testcase name="testInternalRemoveAcl" classname="org.apache.hadoop.fs.viewfs.TestViewFileSystemLocalFileSystem" time="0.168"/>
  <testcase name="testFileStatusOnMountLink" classname="org.apache.hadoop.fs.viewfs.TestViewFileSystemLocalFileSystem" time="0.088"/>
  <testcase name="testGetDelegationTokensWithCredentials" classname="org.apache.hadoop.fs.viewfs.TestViewFileSystemLocalFileSystem" time="0.069"/>
  <testcase name="testResolvePathInternalPaths" classname="org.apache.hadoop.fs.viewfs.TestViewFileSystemLocalFileSystem" time="0.08"/>
  <testcase name="testInternalSetOwner" classname="org.apache.hadoop.fs.viewfs.TestViewFileSystemLocalFileSystem" time="0.073"/>
  <testcase name="testInternalSetXAttr" classname="org.apache.hadoop.fs.viewfs.TestViewFileSystemLocalFileSystem" time="0.06"/>
  <testcase name="testInternalGetXAttr" classname="org.apache.hadoop.fs.viewfs.TestViewFileSystemLocalFileSystem" time="0.055"/>
  <testcase name="testResolvePathMissingThroughMountPoints2" classname="org.apache.hadoop.fs.viewfs.TestViewFileSystemLocalFileSystem" time="0.086"/>
  <testcase name="testListOnInternalDirsOfMountTable" classname="org.apache.hadoop.fs.viewfs.TestViewFileSystemLocalFileSystem" time="0.056"/>
  <testcase name="testInternalRemoveDefaultAcl" classname="org.apache.hadoop.fs.viewfs.TestViewFileSystemLocalFileSystem" time="0.083"/>
  <testcase name="testInternalCreateMissingDir" classname="org.apache.hadoop.fs.viewfs.TestViewFileSystemLocalFileSystem" time="0.098"/>
  <testcase name="testgetFSonNonExistingInternalDir" classname="org.apache.hadoop.fs.viewfs.TestViewFileSystemLocalFileSystem" time="0.09"/>
  <testcase name="testInternalCreateMissingDir2" classname="org.apache.hadoop.fs.viewfs.TestViewFileSystemLocalFileSystem" time="0.085"/>
  <testcase name="testInternalCreateMissingDir3" classname="org.apache.hadoop.fs.viewfs.TestViewFileSystemLocalFileSystem" time="0.099"/>
  <testcase name="testResolvePathThroughMountPoints" classname="org.apache.hadoop.fs.viewfs.TestViewFileSystemLocalFileSystem" time="0.114"/>
  <testcase name="testResolvePathMissingThroughMountPoints" classname="org.apache.hadoop.fs.viewfs.TestViewFileSystemLocalFileSystem" time="0.063"/>
  <testcase name="testInternalGetXAttrsWithNames" classname="org.apache.hadoop.fs.viewfs.TestViewFileSystemLocalFileSystem" time="0.046"/>
  <testcase name="testInternalGetAclStatus" classname="org.apache.hadoop.fs.viewfs.TestViewFileSystemLocalFileSystem" time="0.088"/>
  <testcase name="testInternalListXAttr" classname="org.apache.hadoop.fs.viewfs.TestViewFileSystemLocalFileSystem" time="0.058"/>
</testsuite>