<?xml version="1.0" encoding="UTF-8"?>
<testsuite name="org.apache.hadoop.fs.viewfs.TestViewFsWithAuthorityLocalFs" time="8.583" tests="54" errors="0" skipped="0" failures="0">
  <properties>
    <property name="java.runtime.name" value="Java(TM) SE Runtime Environment"/>
    <property name="sun.boot.library.path" value="/Library/Java/JavaVirtualMachines/jdk1.7.0_75.jdk/Contents/Home/jre/lib"/>
    <property name="java.vm.version" value="24.75-b04"/>
    <property name="user.country.format" value="NO"/>
    <property name="gopherProxySet" value="false"/>
    <property name="java.vm.vendor" value="Oracle Corporation"/>
    <property name="java.vendor.url" value="http://java.oracle.com/"/>
    <property name="path.separator" value=":"/>
    <property name="guice.disable.misplaced.annotation.check" value="true"/>
    <property name="java.vm.name" value="Java HotSpot(TM) 64-Bit Server VM"/>
    <property name="file.encoding.pkg" value="sun.io"/>
    <property name="user.country" value="US"/>
    <property name="sun.java.launcher" value="SUN_STANDARD"/>
    <property name="sun.os.patch.level" value="unknown"/>
    <property name="java.vm.specification.name" value="Java Virtual Machine Specification"/>
    <property name="user.dir" value="/Users/bikash/repos/bigdata/PDHC/lib/hadoop-2.6.0-src"/>
    <property name="java.runtime.version" value="1.7.0_75-b13"/>
    <property name="java.awt.graphicsenv" value="sun.awt.CGraphicsEnvironment"/>
    <property name="java.endorsed.dirs" value="/Library/Java/JavaVirtualMachines/jdk1.7.0_75.jdk/Contents/Home/jre/lib/endorsed"/>
    <property name="os.arch" value="x86_64"/>
    <property name="java.io.tmpdir" value="/var/folders/j3/bdpymcq1045gxk1mdtp_myvw0000gn/T/"/>
    <property name="line.separator" value="&#10;"/>
    <property name="java.vm.specification.vendor" value="Oracle Corporation"/>
    <property name="os.name" value="Mac OS X"/>
    <property name="classworlds.conf" value="/usr/local/Cellar/maven/3.2.5/libexec/bin/m2.conf"/>
    <property name="sun.jnu.encoding" value="UTF-8"/>
    <property name="java.library.path" value="/Users/bikash/Library/Java/Extensions:/Library/Java/Extensions:/Network/Library/Java/Extensions:/System/Library/Java/Extensions:/usr/lib/java:."/>
    <property name="java.specification.name" value="Java Platform API Specification"/>
    <property name="java.class.version" value="51.0"/>
    <property name="sun.management.compiler" value="HotSpot 64-Bit Tiered Compilers"/>
    <property name="os.version" value="10.9.5"/>
    <property name="http.nonProxyHosts" value="127.0.0.1"/>
    <property name="user.home" value="/Users/bikash"/>
    <property name="user.timezone" value="America/New_York"/>
    <property name="java.awt.printerjob" value="sun.lwawt.macosx.CPrinterJob"/>
    <property name="java.specification.version" value="1.7"/>
    <property name="file.encoding" value="UTF-8"/>
    <property name="user.name" value="bikash"/>
    <property name="java.class.path" value="/usr/local/Cellar/maven/3.2.5/libexec/boot/plexus-classworlds-2.5.2.jar"/>
    <property name="java.vm.specification.version" value="1.7"/>
    <property name="sun.arch.data.model" value="64"/>
    <property name="java.home" value="/Library/Java/JavaVirtualMachines/jdk1.7.0_75.jdk/Contents/Home/jre"/>
    <property name="sun.java.command" value="org.codehaus.plexus.classworlds.launcher.Launcher package"/>
    <property name="java.specification.vendor" value="Oracle Corporation"/>
    <property name="user.language" value="en"/>
    <property name="awt.toolkit" value="sun.lwawt.macosx.LWCToolkit"/>
    <property name="java.vm.info" value="mixed mode"/>
    <property name="java.version" value="1.7.0_75"/>
    <property name="java.ext.dirs" value="/Users/bikash/Library/Java/Extensions:/Library/Java/JavaVirtualMachines/jdk1.7.0_75.jdk/Contents/Home/jre/lib/ext:/Library/Java/Extensions:/Network/Library/Java/Extensions:/System/Library/Java/Extensions:/usr/lib/java"/>
    <property name="sun.boot.class.path" value="/Library/Java/JavaVirtualMachines/jdk1.7.0_75.jdk/Contents/Home/jre/lib/resources.jar:/Library/Java/JavaVirtualMachines/jdk1.7.0_75.jdk/Contents/Home/jre/lib/rt.jar:/Library/Java/JavaVirtualMachines/jdk1.7.0_75.jdk/Contents/Home/jre/lib/sunrsasign.jar:/Library/Java/JavaVirtualMachines/jdk1.7.0_75.jdk/Contents/Home/jre/lib/jsse.jar:/Library/Java/JavaVirtualMachines/jdk1.7.0_75.jdk/Contents/Home/jre/lib/jce.jar:/Library/Java/JavaVirtualMachines/jdk1.7.0_75.jdk/Contents/Home/jre/lib/charsets.jar:/Library/Java/JavaVirtualMachines/jdk1.7.0_75.jdk/Contents/Home/jre/lib/jfr.jar:/Library/Java/JavaVirtualMachines/jdk1.7.0_75.jdk/Contents/Home/jre/classes"/>
    <property name="java.vendor" value="Oracle Corporation"/>
    <property name="maven.home" value="/usr/local/Cellar/maven/3.2.5/libexec"/>
    <property name="file.separator" value="/"/>
    <property name="java.vendor.url.bug" value="http://bugreport.sun.com/bugreport/"/>
    <property name="sun.cpu.endian" value="little"/>
    <property name="sun.io.unicode.encoding" value="UnicodeBig"/>
    <property name="sun.font.fontmanager" value="sun.font.CFontManager"/>
    <property name="socksNonProxyHosts" value="127.0.0.1"/>
    <property name="ftp.nonProxyHosts" value="127.0.0.1"/>
    <property name="sun.cpu.isalist" value=""/>
  </properties>
  <testcase name="testBasicPaths" classname="org.apache.hadoop.fs.viewfs.TestViewFsWithAuthorityLocalFs" time="1.591"/>
  <testcase name="testInternalDeleteNonExisting2" classname="org.apache.hadoop.fs.viewfs.TestViewFsWithAuthorityLocalFs" time="0.24"/>
  <testcase name="testResolvePathDanglingLink" classname="org.apache.hadoop.fs.viewfs.TestViewFsWithAuthorityLocalFs" time="0.182"/>
  <testcase name="testgetLinkTargetOnNonLink" classname="org.apache.hadoop.fs.viewfs.TestViewFsWithAuthorityLocalFs" time="0.16"/>
  <testcase name="testGetDelegationTokens" classname="org.apache.hadoop.fs.viewfs.TestViewFsWithAuthorityLocalFs" time="0.204"/>
  <testcase name="testInternalRenameFromSlash" classname="org.apache.hadoop.fs.viewfs.TestViewFsWithAuthorityLocalFs" time="0.112"/>
  <testcase name="testInternalModifyAclEntries" classname="org.apache.hadoop.fs.viewfs.TestViewFsWithAuthorityLocalFs" time="0.154"/>
  <testcase name="testGetBlockLocations" classname="org.apache.hadoop.fs.viewfs.TestViewFsWithAuthorityLocalFs" time="0.293"/>
  <testcase name="testResolvePathMountPoints" classname="org.apache.hadoop.fs.viewfs.TestViewFsWithAuthorityLocalFs" time="0.197"/>
  <testcase name="testInternalMkdirNew2" classname="org.apache.hadoop.fs.viewfs.TestViewFsWithAuthorityLocalFs" time="0.153"/>
  <testcase name="testInternalDeleteExisting2" classname="org.apache.hadoop.fs.viewfs.TestViewFsWithAuthorityLocalFs" time="0.227"/>
  <testcase name="testgetFSonDanglingLink" classname="org.apache.hadoop.fs.viewfs.TestViewFsWithAuthorityLocalFs" time="0.119"/>
  <testcase name="testGetMountPoints" classname="org.apache.hadoop.fs.viewfs.TestViewFsWithAuthorityLocalFs" time="0.157"/>
  <testcase name="testInternalSetAcl" classname="org.apache.hadoop.fs.viewfs.TestViewFsWithAuthorityLocalFs" time="0.096"/>
  <testcase name="testSymlinkTarget" classname="org.apache.hadoop.fs.viewfs.TestViewFsWithAuthorityLocalFs" time="0.115"/>
  <testcase name="testInternalMkdirSlash" classname="org.apache.hadoop.fs.viewfs.TestViewFsWithAuthorityLocalFs" time="0.103"/>
  <testcase name="testInternalRenameToSlash" classname="org.apache.hadoop.fs.viewfs.TestViewFsWithAuthorityLocalFs" time="0.106"/>
  <testcase name="testInternalCreate1" classname="org.apache.hadoop.fs.viewfs.TestViewFsWithAuthorityLocalFs" time="0.083"/>
  <testcase name="testInternalCreate2" classname="org.apache.hadoop.fs.viewfs.TestViewFsWithAuthorityLocalFs" time="0.087"/>
  <testcase name="testInternalMkdirExisting1" classname="org.apache.hadoop.fs.viewfs.TestViewFsWithAuthorityLocalFs" time="0.195"/>
  <testcase name="testInternalMkdirExisting2" classname="org.apache.hadoop.fs.viewfs.TestViewFsWithAuthorityLocalFs" time="0.083"/>
  <testcase name="testInternalMkdirNew" classname="org.apache.hadoop.fs.viewfs.TestViewFsWithAuthorityLocalFs" time="0.091"/>
  <testcase name="testInternalRename1" classname="org.apache.hadoop.fs.viewfs.TestViewFsWithAuthorityLocalFs" time="0.084"/>
  <testcase name="testInternalRename2" classname="org.apache.hadoop.fs.viewfs.TestViewFsWithAuthorityLocalFs" time="0.093"/>
  <testcase name="testInternalRename3" classname="org.apache.hadoop.fs.viewfs.TestViewFsWithAuthorityLocalFs" time="0.117"/>
  <testcase name="testInternalRemoveAclEntries" classname="org.apache.hadoop.fs.viewfs.TestViewFsWithAuthorityLocalFs" time="0.095"/>
  <testcase name="testRenameAcrossMounts1" classname="org.apache.hadoop.fs.viewfs.TestViewFsWithAuthorityLocalFs" time="0.121"/>
  <testcase name="testRenameAcrossMounts2" classname="org.apache.hadoop.fs.viewfs.TestViewFsWithAuthorityLocalFs" time="0.098"/>
  <testcase name="testgetFileLinkStatus" classname="org.apache.hadoop.fs.viewfs.TestViewFsWithAuthorityLocalFs" time="0.079"/>
  <testcase name="testInternalRemoveXAttr" classname="org.apache.hadoop.fs.viewfs.TestViewFsWithAuthorityLocalFs" time="0.092"/>
  <testcase name="testInternalGetXAttrs" classname="org.apache.hadoop.fs.viewfs.TestViewFsWithAuthorityLocalFs" time="0.105"/>
  <testcase name="testgetFileLinkStatusonNonExistingInternalDir" classname="org.apache.hadoop.fs.viewfs.TestViewFsWithAuthorityLocalFs" time="0.081"/>
  <testcase name="testOperationsThroughMountLinks" classname="org.apache.hadoop.fs.viewfs.TestViewFsWithAuthorityLocalFs" time="0.264"/>
  <testcase name="testInternalDeleteNonExisting" classname="org.apache.hadoop.fs.viewfs.TestViewFsWithAuthorityLocalFs" time="0.083"/>
  <testcase name="testInternalDeleteExisting" classname="org.apache.hadoop.fs.viewfs.TestViewFsWithAuthorityLocalFs" time="0.077"/>
  <testcase name="testInternalRemoveAcl" classname="org.apache.hadoop.fs.viewfs.TestViewFsWithAuthorityLocalFs" time="0.074"/>
  <testcase name="testFileStatusOnMountLink" classname="org.apache.hadoop.fs.viewfs.TestViewFsWithAuthorityLocalFs" time="0.085"/>
  <testcase name="testResolvePathInternalPaths" classname="org.apache.hadoop.fs.viewfs.TestViewFsWithAuthorityLocalFs" time="0.074"/>
  <testcase name="testInternalSetOwner" classname="org.apache.hadoop.fs.viewfs.TestViewFsWithAuthorityLocalFs" time="0.079"/>
  <testcase name="testInternalSetXAttr" classname="org.apache.hadoop.fs.viewfs.TestViewFsWithAuthorityLocalFs" time="0.079"/>
  <testcase name="testInternalGetXAttr" classname="org.apache.hadoop.fs.viewfs.TestViewFsWithAuthorityLocalFs" time="0.084"/>
  <testcase name="testResolvePathMissingThroughMountPoints2" classname="org.apache.hadoop.fs.viewfs.TestViewFsWithAuthorityLocalFs" time="0.089"/>
  <testcase name="testListOnInternalDirsOfMountTable" classname="org.apache.hadoop.fs.viewfs.TestViewFsWithAuthorityLocalFs" time="0.077"/>
  <testcase name="testInternalRemoveDefaultAcl" classname="org.apache.hadoop.fs.viewfs.TestViewFsWithAuthorityLocalFs" time="0.075"/>
  <testcase name="testInternalCreateMissingDir" classname="org.apache.hadoop.fs.viewfs.TestViewFsWithAuthorityLocalFs" time="0.073"/>
  <testcase name="testgetFSonNonExistingInternalDir" classname="org.apache.hadoop.fs.viewfs.TestViewFsWithAuthorityLocalFs" time="0.078"/>
  <testcase name="testInternalCreateMissingDir2" classname="org.apache.hadoop.fs.viewfs.TestViewFsWithAuthorityLocalFs" time="0.074"/>
  <testcase name="testInternalCreateMissingDir3" classname="org.apache.hadoop.fs.viewfs.TestViewFsWithAuthorityLocalFs" time="0.074"/>
  <testcase name="testResolvePathThroughMountPoints" classname="org.apache.hadoop.fs.viewfs.TestViewFsWithAuthorityLocalFs" time="0.29"/>
  <testcase name="testGetFileChecksum" classname="org.apache.hadoop.fs.viewfs.TestViewFsWithAuthorityLocalFs" time="0.725"/>
  <testcase name="testResolvePathMissingThroughMountPoints" classname="org.apache.hadoop.fs.viewfs.TestViewFsWithAuthorityLocalFs" time="0.171"/>
  <testcase name="testInternalGetXAttrsWithNames" classname="org.apache.hadoop.fs.viewfs.TestViewFsWithAuthorityLocalFs" time="0.077"/>
  <testcase name="testInternalGetAclStatus" classname="org.apache.hadoop.fs.viewfs.TestViewFsWithAuthorityLocalFs" time="0.077"/>
  <testcase name="testInternalListXAttr" classname="org.apache.hadoop.fs.viewfs.TestViewFsWithAuthorityLocalFs" time="0.091"/>
</testsuite>