<?xml version="1.0" encoding="UTF-8"?>
<testsuite name="org.apache.hadoop.fs.TestSymlinkLocalFSFileContext" time="8.681" tests="61" errors="0" skipped="3" failures="0">
  <properties>
    <property name="java.runtime.name" value="Java(TM) SE Runtime Environment"/>
    <property name="sun.boot.library.path" value="/Library/Java/JavaVirtualMachines/jdk1.7.0_75.jdk/Contents/Home/jre/lib"/>
    <property name="java.vm.version" value="24.75-b04"/>
    <property name="user.country.format" value="NO"/>
    <property name="gopherProxySet" value="false"/>
    <property name="java.vm.vendor" value="Oracle Corporation"/>
    <property name="java.vendor.url" value="http://java.oracle.com/"/>
    <property name="path.separator" value=":"/>
    <property name="guice.disable.misplaced.annotation.check" value="true"/>
    <property name="java.vm.name" value="Java HotSpot(TM) 64-Bit Server VM"/>
    <property name="file.encoding.pkg" value="sun.io"/>
    <property name="user.country" value="US"/>
    <property name="sun.java.launcher" value="SUN_STANDARD"/>
    <property name="sun.os.patch.level" value="unknown"/>
    <property name="java.vm.specification.name" value="Java Virtual Machine Specification"/>
    <property name="user.dir" value="/Users/bikash/repos/bigdata/PDHC/lib/hadoop-2.6.0-src"/>
    <property name="java.runtime.version" value="1.7.0_75-b13"/>
    <property name="java.awt.graphicsenv" value="sun.awt.CGraphicsEnvironment"/>
    <property name="java.endorsed.dirs" value="/Library/Java/JavaVirtualMachines/jdk1.7.0_75.jdk/Contents/Home/jre/lib/endorsed"/>
    <property name="os.arch" value="x86_64"/>
    <property name="java.io.tmpdir" value="/var/folders/j3/bdpymcq1045gxk1mdtp_myvw0000gn/T/"/>
    <property name="line.separator" value="&#10;"/>
    <property name="java.vm.specification.vendor" value="Oracle Corporation"/>
    <property name="os.name" value="Mac OS X"/>
    <property name="classworlds.conf" value="/usr/local/Cellar/maven/3.2.5/libexec/bin/m2.conf"/>
    <property name="sun.jnu.encoding" value="UTF-8"/>
    <property name="java.library.path" value="/Users/bikash/Library/Java/Extensions:/Library/Java/Extensions:/Network/Library/Java/Extensions:/System/Library/Java/Extensions:/usr/lib/java:."/>
    <property name="java.specification.name" value="Java Platform API Specification"/>
    <property name="java.class.version" value="51.0"/>
    <property name="sun.management.compiler" value="HotSpot 64-Bit Tiered Compilers"/>
    <property name="os.version" value="10.9.5"/>
    <property name="http.nonProxyHosts" value="127.0.0.1"/>
    <property name="user.home" value="/Users/bikash"/>
    <property name="user.timezone" value="America/New_York"/>
    <property name="java.awt.printerjob" value="sun.lwawt.macosx.CPrinterJob"/>
    <property name="java.specification.version" value="1.7"/>
    <property name="file.encoding" value="UTF-8"/>
    <property name="user.name" value="bikash"/>
    <property name="java.class.path" value="/usr/local/Cellar/maven/3.2.5/libexec/boot/plexus-classworlds-2.5.2.jar"/>
    <property name="java.vm.specification.version" value="1.7"/>
    <property name="sun.arch.data.model" value="64"/>
    <property name="java.home" value="/Library/Java/JavaVirtualMachines/jdk1.7.0_75.jdk/Contents/Home/jre"/>
    <property name="sun.java.command" value="org.codehaus.plexus.classworlds.launcher.Launcher package"/>
    <property name="java.specification.vendor" value="Oracle Corporation"/>
    <property name="user.language" value="en"/>
    <property name="awt.toolkit" value="sun.lwawt.macosx.LWCToolkit"/>
    <property name="java.vm.info" value="mixed mode"/>
    <property name="java.version" value="1.7.0_75"/>
    <property name="java.ext.dirs" value="/Users/bikash/Library/Java/Extensions:/Library/Java/JavaVirtualMachines/jdk1.7.0_75.jdk/Contents/Home/jre/lib/ext:/Library/Java/Extensions:/Network/Library/Java/Extensions:/System/Library/Java/Extensions:/usr/lib/java"/>
    <property name="sun.boot.class.path" value="/Library/Java/JavaVirtualMachines/jdk1.7.0_75.jdk/Contents/Home/jre/lib/resources.jar:/Library/Java/JavaVirtualMachines/jdk1.7.0_75.jdk/Contents/Home/jre/lib/rt.jar:/Library/Java/JavaVirtualMachines/jdk1.7.0_75.jdk/Contents/Home/jre/lib/sunrsasign.jar:/Library/Java/JavaVirtualMachines/jdk1.7.0_75.jdk/Contents/Home/jre/lib/jsse.jar:/Library/Java/JavaVirtualMachines/jdk1.7.0_75.jdk/Contents/Home/jre/lib/jce.jar:/Library/Java/JavaVirtualMachines/jdk1.7.0_75.jdk/Contents/Home/jre/lib/charsets.jar:/Library/Java/JavaVirtualMachines/jdk1.7.0_75.jdk/Contents/Home/jre/lib/jfr.jar:/Library/Java/JavaVirtualMachines/jdk1.7.0_75.jdk/Contents/Home/jre/classes"/>
    <property name="java.vendor" value="Oracle Corporation"/>
    <property name="maven.home" value="/usr/local/Cellar/maven/3.2.5/libexec"/>
    <property name="file.separator" value="/"/>
    <property name="java.vendor.url.bug" value="http://bugreport.sun.com/bugreport/"/>
    <property name="sun.cpu.endian" value="little"/>
    <property name="sun.io.unicode.encoding" value="UnicodeBig"/>
    <property name="sun.font.fontmanager" value="sun.font.CFontManager"/>
    <property name="socksNonProxyHosts" value="127.0.0.1"/>
    <property name="ftp.nonProxyHosts" value="127.0.0.1"/>
    <property name="sun.cpu.isalist" value=""/>
  </properties>
  <testcase name="testDanglingLink" classname="org.apache.hadoop.fs.TestSymlinkLocalFSFileContext" time="0.206"/>
  <testcase name="testDanglingLinkFilePartQual" classname="org.apache.hadoop.fs.TestSymlinkLocalFSFileContext" time="0.067"/>
  <testcase name="testGetLinkStatusPartQualTarget" classname="org.apache.hadoop.fs.TestSymlinkLocalFSFileContext" time="0.19"/>
  <testcase name="testUseLinkAferDeleteLink" classname="org.apache.hadoop.fs.TestSymlinkLocalFSFileContext" time="0.144"/>
  <testcase name="testRenameDirToSymlinkToFile" classname="org.apache.hadoop.fs.TestSymlinkLocalFSFileContext" time="0.137"/>
  <testcase name="testCreateLinkUsingPartQualPath1" classname="org.apache.hadoop.fs.TestSymlinkLocalFSFileContext" time="0">
    <skipped/>
  </testcase>
  <testcase name="testCreateLinkUsingPartQualPath2" classname="org.apache.hadoop.fs.TestSymlinkLocalFSFileContext" time="0.037"/>
  <testcase name="testRenameFileToSymlinkToFile" classname="org.apache.hadoop.fs.TestSymlinkLocalFSFileContext" time="0.252"/>
  <testcase name="testAccessDirViaSymlink" classname="org.apache.hadoop.fs.TestSymlinkLocalFSFileContext" time="0.084"/>
  <testcase name="testCreateLinkToNullEmpty" classname="org.apache.hadoop.fs.TestSymlinkLocalFSFileContext" time="0.032"/>
  <testcase name="testRenameLinkTarget" classname="org.apache.hadoop.fs.TestSymlinkLocalFSFileContext" time="0.263"/>
  <testcase name="testLinkStatusAndTargetWithNonLink" classname="org.apache.hadoop.fs.TestSymlinkLocalFSFileContext" time="0.153"/>
  <testcase name="testCreateLinkUsingRelPaths" classname="org.apache.hadoop.fs.TestSymlinkLocalFSFileContext" time="0.429"/>
  <testcase name="testCreateLinkUsingFullyQualPaths" classname="org.apache.hadoop.fs.TestSymlinkLocalFSFileContext" time="0.492"/>
  <testcase name="testAccessFileViaInterSymlinkRelTarget" classname="org.apache.hadoop.fs.TestSymlinkLocalFSFileContext" time="0">
    <skipped/>
  </testcase>
  <testcase name="testRenameFileToDestViaSymlink" classname="org.apache.hadoop.fs.TestSymlinkLocalFSFileContext" time="0.145"/>
  <testcase name="testRenameSymlinkToExistingFile" classname="org.apache.hadoop.fs.TestSymlinkLocalFSFileContext" time="0.26"/>
  <testcase name="testCreateLinkToDotDot" classname="org.apache.hadoop.fs.TestSymlinkLocalFSFileContext" time="0.109"/>
  <testcase name="testStatDanglingLink" classname="org.apache.hadoop.fs.TestSymlinkLocalFSFileContext" time="0.078"/>
  <testcase name="testCreateDirViaSymlink" classname="org.apache.hadoop.fs.TestSymlinkLocalFSFileContext" time="0.082"/>
  <testcase name="testCreateFileViaDanglingLinkParent" classname="org.apache.hadoop.fs.TestSymlinkLocalFSFileContext" time="0.053"/>
  <testcase name="testSetWDNotResolvesLinks" classname="org.apache.hadoop.fs.TestSymlinkLocalFSFileContext" time="0.058"/>
  <testcase name="testListStatusUsingLink" classname="org.apache.hadoop.fs.TestSymlinkLocalFSFileContext" time="0.175"/>
  <testcase name="testOpenResolvesLinks" classname="org.apache.hadoop.fs.TestSymlinkLocalFSFileContext" time="0.064"/>
  <testcase name="testRenameFileToDanglingSymlink" classname="org.apache.hadoop.fs.TestSymlinkLocalFSFileContext" time="0.038"/>
  <testcase name="testRenameSymlinkNonExistantDest" classname="org.apache.hadoop.fs.TestSymlinkLocalFSFileContext" time="0.212"/>
  <testcase name="testCreateLinkCanCreateParent" classname="org.apache.hadoop.fs.TestSymlinkLocalFSFileContext" time="0.137"/>
  <testcase name="testStatNonExistentFiles" classname="org.apache.hadoop.fs.TestSymlinkLocalFSFileContext" time="0.049"/>
  <testcase name="testAccessFileViaInterSymlinkQualTarget" classname="org.apache.hadoop.fs.TestSymlinkLocalFSFileContext" time="0.133"/>
  <testcase name="testCreateLinkToDotDotPrefix" classname="org.apache.hadoop.fs.TestSymlinkLocalFSFileContext" time="0.135"/>
  <testcase name="testRenameSymlinkToExistingDir" classname="org.apache.hadoop.fs.TestSymlinkLocalFSFileContext" time="0.161"/>
  <testcase name="testAccessFileViaInterSymlinkAbsTarget" classname="org.apache.hadoop.fs.TestSymlinkLocalFSFileContext" time="0.405"/>
  <testcase name="testStatRelLinkToFile" classname="org.apache.hadoop.fs.TestSymlinkLocalFSFileContext" time="0">
    <skipped/>
  </testcase>
  <testcase name="testCreateLinkToDot" classname="org.apache.hadoop.fs.TestSymlinkLocalFSFileContext" time="0.102"/>
  <testcase name="testCreateLinkTwice" classname="org.apache.hadoop.fs.TestSymlinkLocalFSFileContext" time="0.099"/>
  <testcase name="testMkdirExistingLink" classname="org.apache.hadoop.fs.TestSymlinkLocalFSFileContext" time="0.104"/>
  <testcase name="testDeleteLink" classname="org.apache.hadoop.fs.TestSymlinkLocalFSFileContext" time="0.145"/>
  <testcase name="testStatNonLinks" classname="org.apache.hadoop.fs.TestSymlinkLocalFSFileContext" time="0.112"/>
  <testcase name="testRenameFileViaSymlink" classname="org.apache.hadoop.fs.TestSymlinkLocalFSFileContext" time="0.176"/>
  <testcase name="testCreateLinkToDirectory" classname="org.apache.hadoop.fs.TestSymlinkLocalFSFileContext" time="0.129"/>
  <testcase name="testCreateFileDirExistingLink" classname="org.apache.hadoop.fs.TestSymlinkLocalFSFileContext" time="0.102"/>
  <testcase name="testStatLinkToDir" classname="org.apache.hadoop.fs.TestSymlinkLocalFSFileContext" time="0.131"/>
  <testcase name="testRenameDirViaSymlink" classname="org.apache.hadoop.fs.TestSymlinkLocalFSFileContext" time="0.136"/>
  <testcase name="testRenameFileToSymlinkToDir" classname="org.apache.hadoop.fs.TestSymlinkLocalFSFileContext" time="0.222"/>
  <testcase name="testCreateLinkViaLink" classname="org.apache.hadoop.fs.TestSymlinkLocalFSFileContext" time="0.179"/>
  <testcase name="testRenameSymlinkToDirItLinksTo" classname="org.apache.hadoop.fs.TestSymlinkLocalFSFileContext" time="0.039"/>
  <testcase name="testStatLinkToFile" classname="org.apache.hadoop.fs.TestSymlinkLocalFSFileContext" time="0.173"/>
  <testcase name="testRenameFileWithDestParentSymlink" classname="org.apache.hadoop.fs.TestSymlinkLocalFSFileContext" time="0.343"/>
  <testcase name="testCreateLinkUsingAbsPaths" classname="org.apache.hadoop.fs.TestSymlinkLocalFSFileContext" time="0.343"/>
  <testcase name="testRenameSymlinkViaSymlink" classname="org.apache.hadoop.fs.TestSymlinkLocalFSFileContext" time="0.175"/>
  <testcase name="testRenameSymlink" classname="org.apache.hadoop.fs.TestSymlinkLocalFSFileContext" time="0.19"/>
  <testcase name="testRenameDirToDanglingSymlink" classname="org.apache.hadoop.fs.TestSymlinkLocalFSFileContext" time="0.082"/>
  <testcase name="testCreateLinkToLink" classname="org.apache.hadoop.fs.TestSymlinkLocalFSFileContext" time="0.143"/>
  <testcase name="testCreateFileViaSymlink" classname="org.apache.hadoop.fs.TestSymlinkLocalFSFileContext" time="0.155"/>
  <testcase name="testCreateDanglingLink" classname="org.apache.hadoop.fs.TestSymlinkLocalFSFileContext" time="0.061"/>
  <testcase name="testRenameDirToSymlinkToDir" classname="org.apache.hadoop.fs.TestSymlinkLocalFSFileContext" time="0.106"/>
  <testcase name="testRenameSymlinkToItself" classname="org.apache.hadoop.fs.TestSymlinkLocalFSFileContext" time="0.177"/>
  <testcase name="testStatRoot" classname="org.apache.hadoop.fs.TestSymlinkLocalFSFileContext" time="0.051"/>
  <testcase name="testRenameSymlinkToFileItLinksTo" classname="org.apache.hadoop.fs.TestSymlinkLocalFSFileContext" time="0.041"/>
  <testcase name="testRecursiveLinks" classname="org.apache.hadoop.fs.TestSymlinkLocalFSFileContext" time="0.062"/>
  <testcase name="testSetTimes" classname="org.apache.hadoop.fs.TestSymlinkLocalFSFileContext" time="0.123"/>
</testsuite>