<?xml version="1.0" encoding="UTF-8"?>
<testsuite name="org.apache.hadoop.fs.viewfs.TestFcMainOperationsLocalFs" time="9.427" tests="60" errors="0" skipped="0" failures="0">
  <properties>
    <property name="java.runtime.name" value="Java(TM) SE Runtime Environment"/>
    <property name="sun.boot.library.path" value="/Library/Java/JavaVirtualMachines/jdk1.7.0_75.jdk/Contents/Home/jre/lib"/>
    <property name="java.vm.version" value="24.75-b04"/>
    <property name="user.country.format" value="NO"/>
    <property name="gopherProxySet" value="false"/>
    <property name="java.vm.vendor" value="Oracle Corporation"/>
    <property name="java.vendor.url" value="http://java.oracle.com/"/>
    <property name="path.separator" value=":"/>
    <property name="guice.disable.misplaced.annotation.check" value="true"/>
    <property name="java.vm.name" value="Java HotSpot(TM) 64-Bit Server VM"/>
    <property name="file.encoding.pkg" value="sun.io"/>
    <property name="user.country" value="US"/>
    <property name="sun.java.launcher" value="SUN_STANDARD"/>
    <property name="sun.os.patch.level" value="unknown"/>
    <property name="java.vm.specification.name" value="Java Virtual Machine Specification"/>
    <property name="user.dir" value="/Users/bikash/repos/bigdata/PDHC/lib/hadoop-2.6.0-src"/>
    <property name="java.runtime.version" value="1.7.0_75-b13"/>
    <property name="java.awt.graphicsenv" value="sun.awt.CGraphicsEnvironment"/>
    <property name="java.endorsed.dirs" value="/Library/Java/JavaVirtualMachines/jdk1.7.0_75.jdk/Contents/Home/jre/lib/endorsed"/>
    <property name="os.arch" value="x86_64"/>
    <property name="java.io.tmpdir" value="/var/folders/j3/bdpymcq1045gxk1mdtp_myvw0000gn/T/"/>
    <property name="line.separator" value="&#10;"/>
    <property name="java.vm.specification.vendor" value="Oracle Corporation"/>
    <property name="os.name" value="Mac OS X"/>
    <property name="classworlds.conf" value="/usr/local/Cellar/maven/3.2.5/libexec/bin/m2.conf"/>
    <property name="sun.jnu.encoding" value="UTF-8"/>
    <property name="java.library.path" value="/Users/bikash/Library/Java/Extensions:/Library/Java/Extensions:/Network/Library/Java/Extensions:/System/Library/Java/Extensions:/usr/lib/java:."/>
    <property name="java.specification.name" value="Java Platform API Specification"/>
    <property name="java.class.version" value="51.0"/>
    <property name="sun.management.compiler" value="HotSpot 64-Bit Tiered Compilers"/>
    <property name="os.version" value="10.9.5"/>
    <property name="http.nonProxyHosts" value="127.0.0.1"/>
    <property name="user.home" value="/Users/bikash"/>
    <property name="user.timezone" value="America/New_York"/>
    <property name="java.awt.printerjob" value="sun.lwawt.macosx.CPrinterJob"/>
    <property name="java.specification.version" value="1.7"/>
    <property name="file.encoding" value="UTF-8"/>
    <property name="user.name" value="bikash"/>
    <property name="java.class.path" value="/usr/local/Cellar/maven/3.2.5/libexec/boot/plexus-classworlds-2.5.2.jar"/>
    <property name="java.vm.specification.version" value="1.7"/>
    <property name="sun.arch.data.model" value="64"/>
    <property name="java.home" value="/Library/Java/JavaVirtualMachines/jdk1.7.0_75.jdk/Contents/Home/jre"/>
    <property name="sun.java.command" value="org.codehaus.plexus.classworlds.launcher.Launcher package"/>
    <property name="java.specification.vendor" value="Oracle Corporation"/>
    <property name="user.language" value="en"/>
    <property name="awt.toolkit" value="sun.lwawt.macosx.LWCToolkit"/>
    <property name="java.vm.info" value="mixed mode"/>
    <property name="java.version" value="1.7.0_75"/>
    <property name="java.ext.dirs" value="/Users/bikash/Library/Java/Extensions:/Library/Java/JavaVirtualMachines/jdk1.7.0_75.jdk/Contents/Home/jre/lib/ext:/Library/Java/Extensions:/Network/Library/Java/Extensions:/System/Library/Java/Extensions:/usr/lib/java"/>
    <property name="sun.boot.class.path" value="/Library/Java/JavaVirtualMachines/jdk1.7.0_75.jdk/Contents/Home/jre/lib/resources.jar:/Library/Java/JavaVirtualMachines/jdk1.7.0_75.jdk/Contents/Home/jre/lib/rt.jar:/Library/Java/JavaVirtualMachines/jdk1.7.0_75.jdk/Contents/Home/jre/lib/sunrsasign.jar:/Library/Java/JavaVirtualMachines/jdk1.7.0_75.jdk/Contents/Home/jre/lib/jsse.jar:/Library/Java/JavaVirtualMachines/jdk1.7.0_75.jdk/Contents/Home/jre/lib/jce.jar:/Library/Java/JavaVirtualMachines/jdk1.7.0_75.jdk/Contents/Home/jre/lib/charsets.jar:/Library/Java/JavaVirtualMachines/jdk1.7.0_75.jdk/Contents/Home/jre/lib/jfr.jar:/Library/Java/JavaVirtualMachines/jdk1.7.0_75.jdk/Contents/Home/jre/classes"/>
    <property name="java.vendor" value="Oracle Corporation"/>
    <property name="maven.home" value="/usr/local/Cellar/maven/3.2.5/libexec"/>
    <property name="file.separator" value="/"/>
    <property name="java.vendor.url.bug" value="http://bugreport.sun.com/bugreport/"/>
    <property name="sun.cpu.endian" value="little"/>
    <property name="sun.io.unicode.encoding" value="UnicodeBig"/>
    <property name="sun.font.fontmanager" value="sun.font.CFontManager"/>
    <property name="socksNonProxyHosts" value="127.0.0.1"/>
    <property name="ftp.nonProxyHosts" value="127.0.0.1"/>
    <property name="sun.cpu.isalist" value=""/>
  </properties>
  <testcase name="testCreateFlagAppendNonExistingFile" classname="org.apache.hadoop.fs.viewfs.TestFcMainOperationsLocalFs" time="1.511"/>
  <testcase name="testWorkingDirectory" classname="org.apache.hadoop.fs.viewfs.TestFcMainOperationsLocalFs" time="0.582"/>
  <testcase name="testEmptyCreateFlag" classname="org.apache.hadoop.fs.viewfs.TestFcMainOperationsLocalFs" time="0.198"/>
  <testcase name="testCreateFlagCreateAppendExistingFile" classname="org.apache.hadoop.fs.viewfs.TestFcMainOperationsLocalFs" time="0.275"/>
  <testcase name="testGlobStatusFilterWithNoMatchingPathsAndNonTrivialFilter" classname="org.apache.hadoop.fs.viewfs.TestFcMainOperationsLocalFs" time="0.292"/>
  <testcase name="testNullCreateFlag" classname="org.apache.hadoop.fs.viewfs.TestFcMainOperationsLocalFs" time="0.187"/>
  <testcase name="testRenameFileToNonExistentDirectory" classname="org.apache.hadoop.fs.viewfs.TestFcMainOperationsLocalFs" time="0.222"/>
  <testcase name="testDeleteEmptyDirectory" classname="org.apache.hadoop.fs.viewfs.TestFcMainOperationsLocalFs" time="0.197"/>
  <testcase name="testRenameDirectoryToNonExistentParent" classname="org.apache.hadoop.fs.viewfs.TestFcMainOperationsLocalFs" time="0.304"/>
  <testcase name="testCreateFlagAppendOverwrite" classname="org.apache.hadoop.fs.viewfs.TestFcMainOperationsLocalFs" time="0.073"/>
  <testcase name="testInputStreamClosedTwice" classname="org.apache.hadoop.fs.viewfs.TestFcMainOperationsLocalFs" time="0.216"/>
  <testcase name="testSetVerifyChecksum" classname="org.apache.hadoop.fs.viewfs.TestFcMainOperationsLocalFs" time="0.084"/>
  <testcase name="testWriteReadAndDeleteOneBlock" classname="org.apache.hadoop.fs.viewfs.TestFcMainOperationsLocalFs" time="0.18"/>
  <testcase name="testOpen2" classname="org.apache.hadoop.fs.viewfs.TestFcMainOperationsLocalFs" time="0.079"/>
  <testcase name="testGetFileStatusThrowsExceptionForNonExistentFile" classname="org.apache.hadoop.fs.viewfs.TestFcMainOperationsLocalFs" time="0.045"/>
  <testcase name="testMkdirsFailsForSubdirectoryOfExistingFile" classname="org.apache.hadoop.fs.viewfs.TestFcMainOperationsLocalFs" time="0.12"/>
  <testcase name="testCreateFlagAppendCreateOverwrite" classname="org.apache.hadoop.fs.viewfs.TestFcMainOperationsLocalFs" time="0.055"/>
  <testcase name="testListStatusFilterWithNoMatches" classname="org.apache.hadoop.fs.viewfs.TestFcMainOperationsLocalFs" time="0.181"/>
  <testcase name="testFileContextStatistics" classname="org.apache.hadoop.fs.viewfs.TestFcMainOperationsLocalFs" time="0.088"/>
  <testcase name="testWriteReadAndDeleteEmptyFile" classname="org.apache.hadoop.fs.viewfs.TestFcMainOperationsLocalFs" time="0.073"/>
  <testcase name="testGlobStatusFilterWithSomePathMatchesAndTrivialFilter" classname="org.apache.hadoop.fs.viewfs.TestFcMainOperationsLocalFs" time="0.099"/>
  <testcase name="testFsStatus" classname="org.apache.hadoop.fs.viewfs.TestFcMainOperationsLocalFs" time="0.053"/>
  <testcase name="testGetFileContext1" classname="org.apache.hadoop.fs.viewfs.TestFcMainOperationsLocalFs" time="0.162"/>
  <testcase name="testListStatus" classname="org.apache.hadoop.fs.viewfs.TestFcMainOperationsLocalFs" time="0.091"/>
  <testcase name="testRenameDirectoryAsEmptyDirectory" classname="org.apache.hadoop.fs.viewfs.TestFcMainOperationsLocalFs" time="0.155"/>
  <testcase name="testRenameFileAsExistingFile" classname="org.apache.hadoop.fs.viewfs.TestFcMainOperationsLocalFs" time="0.15"/>
  <testcase name="testWriteReadAndDeleteHalfABlock" classname="org.apache.hadoop.fs.viewfs.TestFcMainOperationsLocalFs" time="0.081"/>
  <testcase name="testListCorruptFileBlocks" classname="org.apache.hadoop.fs.viewfs.TestFcMainOperationsLocalFs" time="0.069"/>
  <testcase name="testRenameFileAsExistingDirectory" classname="org.apache.hadoop.fs.viewfs.TestFcMainOperationsLocalFs" time="0.231"/>
  <testcase name="testCreateFlagOverwriteNonExistingFile" classname="org.apache.hadoop.fs.viewfs.TestFcMainOperationsLocalFs" time="0.062"/>
  <testcase name="testWriteReadAndDeleteOneAndAHalfBlocks" classname="org.apache.hadoop.fs.viewfs.TestFcMainOperationsLocalFs" time="0.075"/>
  <testcase name="testRenameDirectoryAsNonExistentDirectory" classname="org.apache.hadoop.fs.viewfs.TestFcMainOperationsLocalFs" time="0.301"/>
  <testcase name="testGlobStatusSomeMatchesInDirectories" classname="org.apache.hadoop.fs.viewfs.TestFcMainOperationsLocalFs" time="0.103"/>
  <testcase name="testUnsupportedSymlink" classname="org.apache.hadoop.fs.viewfs.TestFcMainOperationsLocalFs" time="0.042"/>
  <testcase name="testGlobStatusFilterWithMultiplePathMatchesAndNonTrivialFilter" classname="org.apache.hadoop.fs.viewfs.TestFcMainOperationsLocalFs" time="0.168"/>
  <testcase name="testGlobStatusFilterWithMultipleWildCardMatchesAndTrivialFilter" classname="org.apache.hadoop.fs.viewfs.TestFcMainOperationsLocalFs" time="0.093"/>
  <testcase name="testWriteReadAndDeleteTwoBlocks" classname="org.apache.hadoop.fs.viewfs.TestFcMainOperationsLocalFs" time="0.089"/>
  <testcase name="testGlobStatusFilterWithEmptyPathResults" classname="org.apache.hadoop.fs.viewfs.TestFcMainOperationsLocalFs" time="0.181"/>
  <testcase name="testGlobStatusWithNoMatchesInPath" classname="org.apache.hadoop.fs.viewfs.TestFcMainOperationsLocalFs" time="0.105"/>
  <testcase name="testGlobStatusWithMultipleMatchesOfSingleChar" classname="org.apache.hadoop.fs.viewfs.TestFcMainOperationsLocalFs" time="0.078"/>
  <testcase name="testDeleteOnExitUnexisting" classname="org.apache.hadoop.fs.viewfs.TestFcMainOperationsLocalFs" time="0.046"/>
  <testcase name="testRenameDirectoryToItself" classname="org.apache.hadoop.fs.viewfs.TestFcMainOperationsLocalFs" time="0.164"/>
  <testcase name="testCreateFlagAppendExistingFile" classname="org.apache.hadoop.fs.viewfs.TestFcMainOperationsLocalFs" time="0.09"/>
  <testcase name="testWriteInNonExistentDirectory" classname="org.apache.hadoop.fs.viewfs.TestFcMainOperationsLocalFs" time="0.076"/>
  <testcase name="testGlobStatusWithMultipleWildCardMatches" classname="org.apache.hadoop.fs.viewfs.TestFcMainOperationsLocalFs" time="0.104"/>
  <testcase name="testRenameDirectoryAsFile" classname="org.apache.hadoop.fs.viewfs.TestFcMainOperationsLocalFs" time="0.114"/>
  <testcase name="testRenameFileToExistingParent" classname="org.apache.hadoop.fs.viewfs.TestFcMainOperationsLocalFs" time="0.243"/>
  <testcase name="testRenameFileToDestinationWithParentFile" classname="org.apache.hadoop.fs.viewfs.TestFcMainOperationsLocalFs" time="0.116"/>
  <testcase name="testDeleteRecursively" classname="org.apache.hadoop.fs.viewfs.TestFcMainOperationsLocalFs" time="0.068"/>
  <testcase name="testMkdirs" classname="org.apache.hadoop.fs.viewfs.TestFcMainOperationsLocalFs" time="0.16"/>
  <testcase name="testGlobStatusNonExistentFile" classname="org.apache.hadoop.fs.viewfs.TestFcMainOperationsLocalFs" time="0.046"/>
  <testcase name="testRenameDirectoryAsNonEmptyDirectory" classname="org.apache.hadoop.fs.viewfs.TestFcMainOperationsLocalFs" time="0.142"/>
  <testcase name="testDeleteNonExistentFile" classname="org.apache.hadoop.fs.viewfs.TestFcMainOperationsLocalFs" time="0.04"/>
  <testcase name="testRenameNonExistentPath" classname="org.apache.hadoop.fs.viewfs.TestFcMainOperationsLocalFs" time="0.053"/>
  <testcase name="testCreateFlagCreateAppendNonExistingFile" classname="org.apache.hadoop.fs.viewfs.TestFcMainOperationsLocalFs" time="0.059"/>
  <testcase name="testGlobStatusFilterWithMultiplePathWildcardsAndNonTrivialFilter" classname="org.apache.hadoop.fs.viewfs.TestFcMainOperationsLocalFs" time="0.086"/>
  <testcase name="testOutputStreamClosedTwice" classname="org.apache.hadoop.fs.viewfs.TestFcMainOperationsLocalFs" time="0.076"/>
  <testcase name="testCreateFlagOverwriteExistingFile" classname="org.apache.hadoop.fs.viewfs.TestFcMainOperationsLocalFs" time="0.153"/>
  <testcase name="testRenameFileToItself" classname="org.apache.hadoop.fs.viewfs.TestFcMainOperationsLocalFs" time="0.136"/>
  <testcase name="testCreateFlagCreateExistingFile" classname="org.apache.hadoop.fs.viewfs.TestFcMainOperationsLocalFs" time="0.105"/>
</testsuite>